<?xml version="1.0" encoding="UTF-8"?>
<testsuite xmlns:xsi="http://www.w3.org/2001/XMLSchema-instance" xsi:noNamespaceSchemaLocation="https://maven.apache.org/surefire/maven-surefire-plugin/xsd/surefire-test-report.xsd" name="com.synthesis.controller.SynthesisControllerTest" time="1.493" tests="7" errors="0" skipped="0" failures="0">
  <properties>
[...]
</properties>
  <testcase name="getAllUsers" classname="com.synthesis.controller.SynthesisControllerTest" time="1.334"/>
  <testcase name="updateUser" classname="com.synthesis.controller.SynthesisControllerTest" time="0.025"/>
  <testcase name="getUser" classname="com.synthesis.controller.SynthesisControllerTest" time="0.007"/>
  <testcase name="ping" classname="com.synthesis.controller.SynthesisControllerTest" time="0.001"/>
  <testcase name="createUser" classname="com.synthesis.controller.SynthesisControllerTest" time="0.007"/>
  <testcase name="deleteUser" classname="com.synthesis.controller.SynthesisControllerTest" time="0.006"/>
  <testcase name="getUsers" classname="com.synthesis.controller.SynthesisControllerTest" time="0.004"/>
</testsuite>